📡 [Wave Tree 오늘의 할일 관리 봇] 가동 중...
✅ 명령어: 추가/완료/삭제/목록/상태
📡 [Wave Tree 오늘의 할일 관리 봇] 가동 중...
✅ 명령어: 추가/완료/삭제/목록/상태
📡 [Wave Tree 오늘의 할일 관리 봇] 가동 중...
✅ 명령어: 추가/완료/삭제/목록/상태
antigravity.py main started
weather_updater thread started
weather_updater: update_once called
get_weather() called
Requesting: https://api.openweathermap.org/data/2.5/weather?q=Jinan,KR&appid=73522ad14e4276bdf715f0e796fc623f&units=metric&lang=kr
weather_updater thread started
weather_updater: update_once called
get_weather() called
Requesting: https://api.openweathermap.org/data/2.5/weather?q=Jinan,KR&appid=73522ad14e4276bdf715f0e796fc623f&units=metric&lang=kr
antigravity.py main started
weather_updater thread started
weather_updater: update_once called
get_weather() called
Requesting: https://api.openweathermap.org/data/2.5/weather?q=Jinan,KR&appid=73522ad14e4276bdf715f0e796fc623f&units=metric&lang=kr
weather_updater thread started
weather_updater: update_once called
get_weather() called
Requesting: https://api.openweathermap.org/data/2.5/weather?q=Jinan,KR&appid=73522ad14e4276bdf715f0e796fc623f&units=metric&lang=kr
antigravity.py main started
weather_updater thread started
weather_updater: update_once called
get_weather() called
Requesting: https://api.openweathermap.org/data/2.5/weather?q=Jinan,KR&appid=73522ad14e4276bdf715f0e796fc623f&units=metric&lang=kr
weather_updater thread started
weather_updater: update_once called
get_weather() called
Requesting: https://api.openweathermap.org/data/2.5/weather?q=Jinan,KR&appid=73522ad14e4276bdf715f0e796fc623f&units=metric&lang=kr
antigravity.py main started
weather_updater thread started
weather_updater: update_once called
get_weather() called
Requesting: https://api.openweathermap.org/data/2.5/weather?q=Jinan,KR&appid=73522ad14e4276bdf715f0e796fc623f&units=metric&lang=kr
weather_updater thread started
weather_updater: update_once called
get_weather() called
Requesting: https://api.openweathermap.org/data/2.5/weather?q=Jinan,KR&appid=73522ad14e4276bdf715f0e796fc623f&units=metric&lang=kr
antigravity.py main started
weather_updater thread started
weather_updater: update_once called
get_weather() called
Requesting: https://api.openweathermap.org/data/2.5/weather?q=Jinan,KR&appid=73522ad14e4276bdf715f0e796fc623f&units=metric&lang=kr
weather_updater thread started
weather_updater: update_once called
get_weather() called
Requesting: https://api.openweathermap.org/data/2.5/weather?q=Jinan,KR&appid=73522ad14e4276bdf715f0e796fc623f&units=metric&lang=kr
antigravity.py main started
weather_updater thread started
weather_updater: update_once called
get_weather() called
Requesting: https://api.openweathermap.org/data/2.5/weather?q=Jinan,KR&appid=73522ad14e4276bdf715f0e796fc623f&units=metric&lang=kr
weather_updater thread started
weather_updater: update_once called
get_weather() called
Requesting: https://api.openweathermap.org/data/2.5/weather?q=Jinan,KR&appid=73522ad14e4276bdf715f0e796fc623f&units=metric&lang=kr
antigravity.py main started
weather_updater thread started
weather_updater: update_once called
get_weather() called
Requesting: https://api.openweathermap.org/data/2.5/weather?q=Jinan,KR&appid=73522ad14e4276bdf715f0e796fc623f&units=metric&lang=kr
weather_updater thread started
weather_updater: update_once called
get_weather() called
Requesting: https://api.openweathermap.org/data/2.5/weather?q=Jinan,KR&appid=73522ad14e4276bdf715f0e796fc623f&units=metric&lang=kr
antigravity.py main started
weather_updater thread started
weather_updater: update_once called
get_weather() called
Requesting: https://api.openweathermap.org/data/2.5/weather?q=Jinan,KR&appid=73522ad14e4276bdf715f0e796fc623f&units=metric&lang=kr
weather_updater thread started
weather_updater: update_once called
get_weather() called
Requesting: https://api.openweathermap.org/data/2.5/weather?q=Jinan,KR&appid=73522ad14e4276bdf715f0e796fc623f&units=metric&lang=kr
antigravity.py main started
weather_updater thread started
weather_updater: update_once called
get_weather() called
Requesting: https://api.openweathermap.org/data/2.5/weather?q=Jinan,KR&appid=73522ad14e4276bdf715f0e796fc623f&units=metric&lang=kr
weather_updater thread started
weather_updater: update_once called
get_weather() called
Requesting: https://api.openweathermap.org/data/2.5/weather?q=Jinan,KR&appid=73522ad14e4276bdf715f0e796fc623f&units=metric&lang=kr
antigravity.py main started
weather_updater thread started
weather_updater: update_once called
get_weather() called
Requesting: https://api.openweathermap.org/data/2.5/weather?q=Jinan,KR&appid=73522ad14e4276bdf715f0e796fc623f&units=metric&lang=kr
weather_updater thread started
weather_updater: update_once called
get_weather() called
Requesting: https://api.openweathermap.org/data/2.5/weather?q=Jinan,KR&appid=73522ad14e4276bdf715f0e796fc623f&units=metric&lang=kr
antigravity.py main started
weather_updater thread started
weather_updater: update_once called
get_weather() called
Requesting: https://api.openweathermap.org/data/2.5/weather?q=Jinan,KR&appid=73522ad14e4276bdf715f0e796fc623f&units=metric&lang=kr
weather_updater thread started
weather_updater: update_once called
get_weather() called
Requesting: https://api.openweathermap.org/data/2.5/weather?q=Jinan,KR&appid=73522ad14e4276bdf715f0e796fc623f&units=metric&lang=kr
antigravity.py main started
weather_updater thread started
weather_updater: update_once called
get_weather() called
Requesting: https://api.openweathermap.org/data/2.5/weather?q=Jinan,KR&appid=73522ad14e4276bdf715f0e796fc623f&units=metric&lang=kr
weather_updater thread started
weather_updater: update_once called
get_weather() called
Requesting: https://api.openweathermap.org/data/2.5/weather?q=Jinan,KR&appid=73522ad14e4276bdf715f0e796fc623f&units=metric&lang=kr
antigravity.py main started
weather_updater thread started
weather_updater: update_once called
get_weather() called
Requesting: https://api.openweathermap.org/data/2.5/weather?q=Jinan,KR&appid=73522ad14e4276bdf715f0e796fc623f&units=metric&lang=kr
weather_updater thread started
weather_updater: update_once called
get_weather() called
Requesting: https://api.openweathermap.org/data/2.5/weather?q=Jinan,KR&appid=73522ad14e4276bdf715f0e796fc623f&units=metric&lang=kr
antigravity.py main started
weather_updater thread started
weather_updater: update_once called
get_weather() called
Requesting: https://api.openweathermap.org/data/2.5/weather?q=Jinan,KR&appid=73522ad14e4276bdf715f0e796fc623f&units=metric&lang=kr
weather_updater thread started
weather_updater: update_once called
get_weather() called
Requesting: https://api.openweathermap.org/data/2.5/weather?q=Jinan,KR&appid=73522ad14e4276bdf715f0e796fc623f&units=metric&lang=kr
antigravity.py main started
weather_updater thread started
weather_updater: update_once called
get_weather() called
Requesting: https://api.openweathermap.org/data/2.5/weather?q=Jinan,KR&appid=73522ad14e4276bdf715f0e796fc623f&units=metric&lang=kr
weather_updater thread started
weather_updater: update_once called
get_weather() called
Requesting: https://api.openweathermap.org/data/2.5/weather?q=Jinan,KR&appid=73522ad14e4276bdf715f0e796fc623f&units=metric&lang=kr
antigravity.py main started
weather_updater thread started
weather_updater: update_once called
get_weather() called
Requesting: https://api.openweathermap.org/data/2.5/weather?q=Jinan,KR&appid=73522ad14e4276bdf715f0e796fc623f&units=metric&lang=kr
weather_updater thread started
weather_updater: update_once called
get_weather() called
Requesting: https://api.openweathermap.org/data/2.5/weather?q=Jinan,KR&appid=73522ad14e4276bdf715f0e796fc623f&units=metric&lang=kr
antigravity.py main started
weather_updater thread started
weather_updater: update_once called
get_weather() called
Requesting: https://api.openweathermap.org/data/2.5/weather?q=Jinan,KR&appid=73522ad14e4276bdf715f0e796fc623f&units=metric&lang=kr
weather_updater thread started
weather_updater: update_once called
get_weather() called
Requesting: https://api.openweathermap.org/data/2.5/weather?q=Jinan,KR&appid=73522ad14e4276bdf715f0e796fc623f&units=metric&lang=kr
antigravity.py main started
weather_updater thread started
weather_updater: update_once called
get_weather() called
Requesting: https://api.openweathermap.org/data/2.5/weather?q=Jinan,KR&appid=73522ad14e4276bdf715f0e796fc623f&units=metric&lang=kr
weather_updater thread started
weather_updater: update_once called
get_weather() called
Requesting: https://api.openweathermap.org/data/2.5/weather?q=Jinan,KR&appid=73522ad14e4276bdf715f0e796fc623f&units=metric&lang=kr
antigravity.py main started
weather_updater thread started
weather_updater: update_once called
get_weather() called
Requesting: https://api.openweathermap.org/data/2.5/weather?q=Jinan,KR&appid=73522ad14e4276bdf715f0e796fc623f&units=metric&lang=kr
weather_updater thread started
weather_updater: update_once called
get_weather() called
Requesting: https://api.openweathermap.org/data/2.5/weather?q=Jinan,KR&appid=73522ad14e4276bdf715f0e796fc623f&units=metric&lang=kr
antigravity.py main started
weather_updater thread started
weather_updater: update_once called
get_weather() called
Requesting: https://api.openweathermap.org/data/2.5/weather?q=Jinan,KR&appid=73522ad14e4276bdf715f0e796fc623f&units=metric&lang=kr
weather_updater thread started
weather_updater: update_once called
get_weather() called
Requesting: https://api.openweathermap.org/data/2.5/weather?q=Jinan,KR&appid=73522ad14e4276bdf715f0e796fc623f&units=metric&lang=kr
antigravity.py main started
weather_updater thread started
weather_updater: update_once called
get_weather() called
Requesting: https://api.openweathermap.org/data/2.5/weather?q=Jinan,KR&appid=73522ad14e4276bdf715f0e796fc623f&units=metric&lang=kr
weather_updater thread started
weather_updater: update_once called
get_weather() called
Requesting: https://api.openweathermap.org/data/2.5/weather?q=Jinan,KR&appid=73522ad14e4276bdf715f0e796fc623f&units=metric&lang=kr
antigravity.py main started
weather_updater thread started
weather_updater: update_once called
get_weather() called
Requesting: https://api.openweathermap.org/data/2.5/weather?q=Jinan,KR&appid=73522ad14e4276bdf715f0e796fc623f&units=metric&lang=kr
weather_updater thread started
weather_updater: update_once called
get_weather() called
Requesting: https://api.openweathermap.org/data/2.5/weather?q=Jinan,KR&appid=73522ad14e4276bdf715f0e796fc623f&units=metric&lang=kr
antigravity.py main started
weather_updater thread started
weather_updater: update_once called
get_weather() called
Requesting: https://api.openweathermap.org/data/2.5/weather?q=Jinan,KR&appid=73522ad14e4276bdf715f0e796fc623f&units=metric&lang=kr
weather_updater thread started
weather_updater: update_once called
get_weather() called
Requesting: https://api.openweathermap.org/data/2.5/weather?q=Jinan,KR&appid=73522ad14e4276bdf715f0e796fc623f&units=metric&lang=kr
antigravity.py main started
weather_updater thread started
weather_updater: update_once called
get_weather() called
Requesting: https://api.openweathermap.org/data/2.5/weather?q=Jinan,KR&appid=73522ad14e4276bdf715f0e796fc623f&units=metric&lang=kr
weather_updater thread started
weather_updater: update_once called
get_weather() called
Requesting: https://api.openweathermap.org/data/2.5/weather?q=Jinan,KR&appid=73522ad14e4276bdf715f0e796fc623f&units=metric&lang=kr
antigravity.py main started
weather_updater thread started
weather_updater: update_once called
get_weather() called
Requesting: https://api.openweathermap.org/data/2.5/weather?q=Jinan,KR&appid=73522ad14e4276bdf715f0e796fc623f&units=metric&lang=kr
weather_updater thread started
weather_updater: update_once called
get_weather() called
Requesting: https://api.openweathermap.org/data/2.5/weather?q=Jinan,KR&appid=73522ad14e4276bdf715f0e796fc623f&units=metric&lang=kr
antigravity.py main started
weather_updater thread started
weather_updater: update_once called
get_weather() called
Requesting: https://api.openweathermap.org/data/2.5/weather?q=Jinan,KR&appid=73522ad14e4276bdf715f0e796fc623f&units=metric&lang=kr
weather_updater thread started
weather_updater: update_once called
get_weather() called
Requesting: https://api.openweathermap.org/data/2.5/weather?q=Jinan,KR&appid=73522ad14e4276bdf715f0e796fc623f&units=metric&lang=kr
antigravity.py main started
weather_updater thread started
weather_updater: update_once called
get_weather() called
Requesting: https://api.openweathermap.org/data/2.5/weather?q=Jinan,KR&appid=73522ad14e4276bdf715f0e796fc623f&units=metric&lang=kr
weather_updater thread started
weather_updater: update_once called
get_weather() called
Requesting: https://api.openweathermap.org/data/2.5/weather?q=Jinan,KR&appid=73522ad14e4276bdf715f0e796fc623f&units=metric&lang=kr
antigravity.py main started
weather_updater thread started
weather_updater: update_once called
get_weather() called
Requesting: https://api.openweathermap.org/data/2.5/weather?q=Jinan,KR&appid=73522ad14e4276bdf715f0e796fc623f&units=metric&lang=kr
weather_updater thread started
weather_updater: update_once called
get_weather() called
Requesting: https://api.openweathermap.org/data/2.5/weather?q=Jinan,KR&appid=73522ad14e4276bdf715f0e796fc623f&units=metric&lang=kr
antigravity.py main started
weather_updater thread started
weather_updater: update_once called
get_weather() called
Requesting: https://api.openweathermap.org/data/2.5/weather?q=Jinan,KR&appid=73522ad14e4276bdf715f0e796fc623f&units=metric&lang=kr
weather_updater thread started
weather_updater: update_once called
get_weather() called
Requesting: https://api.openweathermap.org/data/2.5/weather?q=Jinan,KR&appid=73522ad14e4276bdf715f0e796fc623f&units=metric&lang=kr
antigravity.py main started
weather_updater thread started
weather_updater: update_once called
get_weather() called
Requesting: https://api.openweathermap.org/data/2.5/weather?q=Jinan,KR&appid=73522ad14e4276bdf715f0e796fc623f&units=metric&lang=kr
weather_updater thread started
weather_updater: update_once called
get_weather() called
Requesting: https://api.openweathermap.org/data/2.5/weather?q=Jinan,KR&appid=73522ad14e4276bdf715f0e796fc623f&units=metric&lang=kr
antigravity.py main started
weather_updater thread started
weather_updater: update_once called
get_weather() called
Requesting: https://api.openweathermap.org/data/2.5/weather?q=Jinan,KR&appid=73522ad14e4276bdf715f0e796fc623f&units=metric&lang=kr
weather_updater thread started
weather_updater: update_once called
get_weather() called
Requesting: https://api.openweathermap.org/data/2.5/weather?q=Jinan,KR&appid=73522ad14e4276bdf715f0e796fc623f&units=metric&lang=kr
antigravity.py main started
weather_updater thread started
weather_updater: update_once called
get_weather() called
Requesting: https://api.openweathermap.org/data/2.5/weather?q=Jinan,KR&appid=73522ad14e4276bdf715f0e796fc623f&units=metric&lang=kr
weather_updater thread started
weather_updater: update_once called
get_weather() called
Requesting: https://api.openweathermap.org/data/2.5/weather?q=Jinan,KR&appid=73522ad14e4276bdf715f0e796fc623f&units=metric&lang=kr
antigravity.py main started
weather_updater thread started
weather_updater: update_once called
get_weather() called
Requesting: https://api.openweathermap.org/data/2.5/weather?q=Jinan,KR&appid=73522ad14e4276bdf715f0e796fc623f&units=metric&lang=kr
weather_updater thread started
weather_updater: update_once called
get_weather() called
Requesting: https://api.openweathermap.org/data/2.5/weather?q=Jinan,KR&appid=73522ad14e4276bdf715f0e796fc623f&units=metric&lang=kr
antigravity.py main started
weather_updater thread started
weather_updater: update_once called
get_weather() called
Requesting: https://api.openweathermap.org/data/2.5/weather?q=Jinan,KR&appid=73522ad14e4276bdf715f0e796fc623f&units=metric&lang=kr
weather_updater thread started
weather_updater: update_once called
get_weather() called
Requesting: https://api.openweathermap.org/data/2.5/weather?q=Jinan,KR&appid=73522ad14e4276bdf715f0e796fc623f&units=metric&lang=kr
antigravity.py main started
weather_updater thread started
weather_updater: update_once called
get_weather() called
Requesting: https://api.openweathermap.org/data/2.5/weather?q=Jinan,KR&appid=73522ad14e4276bdf715f0e796fc623f&units=metric&lang=kr
weather_updater thread started
weather_updater: update_once called
get_weather() called
Requesting: https://api.openweathermap.org/data/2.5/weather?q=Jinan,KR&appid=73522ad14e4276bdf715f0e796fc623f&units=metric&lang=kr
antigravity.py main started
weather_updater thread started
weather_updater: update_once called
get_weather() called
Requesting: https://api.openweathermap.org/data/2.5/weather?q=Jinan,KR&appid=73522ad14e4276bdf715f0e796fc623f&units=metric&lang=kr
weather_updater thread started
weather_updater: update_once called
get_weather() called
Requesting: https://api.openweathermap.org/data/2.5/weather?q=Jinan,KR&appid=73522ad14e4276bdf715f0e796fc623f&units=metric&lang=kr
antigravity.py main started
weather_updater thread started
weather_updater: update_once called
get_weather() called
Requesting: https://api.openweathermap.org/data/2.5/weather?q=Jinan,KR&appid=73522ad14e4276bdf715f0e796fc623f&units=metric&lang=kr
weather_updater thread started
weather_updater: update_once called
get_weather() called
Requesting: https://api.openweathermap.org/data/2.5/weather?q=Jinan,KR&appid=73522ad14e4276bdf715f0e796fc623f&units=metric&lang=kr
antigravity.py main started
weather_updater thread started
weather_updater: update_once called
get_weather() called
Requesting: https://api.openweathermap.org/data/2.5/weather?q=Jinan,KR&appid=73522ad14e4276bdf715f0e796fc623f&units=metric&lang=kr
weather_updater thread started
weather_updater: update_once called
get_weather() called
Requesting: https://api.openweathermap.org/data/2.5/weather?q=Jinan,KR&appid=73522ad14e4276bdf715f0e796fc623f&units=metric&lang=kr
antigravity.py main started
weather_updater thread started
weather_updater: update_once called
get_weather() called
Requesting: https://api.openweathermap.org/data/2.5/weather?q=Jinan,KR&appid=73522ad14e4276bdf715f0e796fc623f&units=metric&lang=kr
weather_updater thread started
weather_updater: update_once called
get_weather() called
Requesting: https://api.openweathermap.org/data/2.5/weather?q=Jinan,KR&appid=73522ad14e4276bdf715f0e796fc623f&units=metric&lang=kr
antigravity.py main started
weather_updater thread started
weather_updater: update_once called
get_weather() called
Requesting: https://api.openweathermap.org/data/2.5/weather?q=Jinan,KR&appid=73522ad14e4276bdf715f0e796fc623f&units=metric&lang=kr
weather_updater thread started
weather_updater: update_once called
get_weather() called
Requesting: https://api.openweathermap.org/data/2.5/weather?q=Jinan,KR&appid=73522ad14e4276bdf715f0e796fc623f&units=metric&lang=kr
