/Users/seunghoonoh/Library/Python/3.9/lib/python/site-packages/urllib3/__init__.py:35: NotOpenSSLWarning: urllib3 v2 only supports OpenSSL 1.1.1+, currently the 'ssl' module is compiled with 'LibreSSL 2.8.3'. See: https://github.com/urllib3/urllib3/issues/3020
  warnings.warn(
/Users/seunghoonoh/Library/Python/3.9/lib/python/site-packages/urllib3/__init__.py:35: NotOpenSSLWarning: urllib3 v2 only supports OpenSSL 1.1.1+, currently the 'ssl' module is compiled with 'LibreSSL 2.8.3'. See: https://github.com/urllib3/urllib3/issues/3020
  warnings.warn(
/Users/seunghoonoh/Library/Python/3.9/lib/python/site-packages/urllib3/__init__.py:35: NotOpenSSLWarning: urllib3 v2 only supports OpenSSL 1.1.1+, currently the 'ssl' module is compiled with 'LibreSSL 2.8.3'. See: https://github.com/urllib3/urllib3/issues/3020
  warnings.warn(
2026-02-02 13:36:30,198 (__init__.py:1241 MainThread) ERROR - TeleBot: "Threaded polling exception: A request to the Telegram API was unsuccessful. Error code: 400. Description: Bad Request: can't parse entities: Can't find end of the entity starting at byte offset 65"
2026-02-02 13:36:30,198 (__init__.py:1243 MainThread) ERROR - TeleBot: "Exception traceback:
Traceback (most recent call last):
  File "/Users/seunghoonoh/Library/Python/3.9/lib/python/site-packages/telebot/__init__.py", line 1235, in __threaded_polling
    self.worker_pool.raise_exceptions()
  File "/Users/seunghoonoh/Library/Python/3.9/lib/python/site-packages/telebot/util.py", line 154, in raise_exceptions
    raise self.exception_info
  File "/Users/seunghoonoh/Library/Python/3.9/lib/python/site-packages/telebot/util.py", line 97, in run
    task(*args, **kwargs)
  File "/Users/seunghoonoh/Library/Python/3.9/lib/python/site-packages/telebot/__init__.py", line 10379, in _run_middlewares_and_handler
    result = handler['function'](message)
  File "/Users/seunghoonoh/woonmok.github.io/antigravity.py", line 129, in handle_msg
    bot.reply_to(message, result, parse_mode="markdown")
  File "/Users/seunghoonoh/Library/Python/3.9/lib/python/site-packages/telebot/__init__.py", line 6394, in reply_to
    return self.send_message(message.chat.id, text, reply_parameters=reply_parameters, **kwargs)
  File "/Users/seunghoonoh/Library/Python/3.9/lib/python/site-packages/telebot/__init__.py", line 1811, in send_message
    apihelper.send_message(
  File "/Users/seunghoonoh/Library/Python/3.9/lib/python/site-packages/telebot/apihelper.py", line 282, in send_message
    return _make_request(token, method_url, params=payload, method='post')
  File "/Users/seunghoonoh/Library/Python/3.9/lib/python/site-packages/telebot/apihelper.py", line 168, in _make_request
    json_result = _check_result(method_name, result)
  File "/Users/seunghoonoh/Library/Python/3.9/lib/python/site-packages/telebot/apihelper.py", line 197, in _check_result
    raise ApiTelegramException(method_name, result, result_json)
telebot.apihelper.ApiTelegramException: A request to the Telegram API was unsuccessful. Error code: 400. Description: Bad Request: can't parse entities: Can't find end of the entity starting at byte offset 65
"
/Users/seunghoonoh/Library/Python/3.9/lib/python/site-packages/urllib3/__init__.py:35: NotOpenSSLWarning: urllib3 v2 only supports OpenSSL 1.1.1+, currently the 'ssl' module is compiled with 'LibreSSL 2.8.3'. See: https://github.com/urllib3/urllib3/issues/3020
  warnings.warn(
2026-02-02 13:37:48,377 (__init__.py:1241 MainThread) ERROR - TeleBot: "Threaded polling exception: A request to the Telegram API was unsuccessful. Error code: 400. Description: Bad Request: can't parse entities: Can't find end of the entity starting at byte offset 65"
2026-02-02 13:37:48,378 (__init__.py:1243 MainThread) ERROR - TeleBot: "Exception traceback:
Traceback (most recent call last):
  File "/Users/seunghoonoh/Library/Python/3.9/lib/python/site-packages/telebot/__init__.py", line 1235, in __threaded_polling
    self.worker_pool.raise_exceptions()
  File "/Users/seunghoonoh/Library/Python/3.9/lib/python/site-packages/telebot/util.py", line 154, in raise_exceptions
    raise self.exception_info
  File "/Users/seunghoonoh/Library/Python/3.9/lib/python/site-packages/telebot/util.py", line 97, in run
    task(*args, **kwargs)
  File "/Users/seunghoonoh/Library/Python/3.9/lib/python/site-packages/telebot/__init__.py", line 10379, in _run_middlewares_and_handler
    result = handler['function'](message)
  File "/Users/seunghoonoh/woonmok.github.io/antigravity.py", line 129, in handle_msg
    bot.reply_to(message, result, parse_mode="markdown")
  File "/Users/seunghoonoh/Library/Python/3.9/lib/python/site-packages/telebot/__init__.py", line 6394, in reply_to
    return self.send_message(message.chat.id, text, reply_parameters=reply_parameters, **kwargs)
  File "/Users/seunghoonoh/Library/Python/3.9/lib/python/site-packages/telebot/__init__.py", line 1811, in send_message
    apihelper.send_message(
  File "/Users/seunghoonoh/Library/Python/3.9/lib/python/site-packages/telebot/apihelper.py", line 282, in send_message
    return _make_request(token, method_url, params=payload, method='post')
  File "/Users/seunghoonoh/Library/Python/3.9/lib/python/site-packages/telebot/apihelper.py", line 168, in _make_request
    json_result = _check_result(method_name, result)
  File "/Users/seunghoonoh/Library/Python/3.9/lib/python/site-packages/telebot/apihelper.py", line 197, in _check_result
    raise ApiTelegramException(method_name, result, result_json)
telebot.apihelper.ApiTelegramException: A request to the Telegram API was unsuccessful. Error code: 400. Description: Bad Request: can't parse entities: Can't find end of the entity starting at byte offset 65
"
/Users/seunghoonoh/Library/Python/3.9/lib/python/site-packages/urllib3/__init__.py:35: NotOpenSSLWarning: urllib3 v2 only supports OpenSSL 1.1.1+, currently the 'ssl' module is compiled with 'LibreSSL 2.8.3'. See: https://github.com/urllib3/urllib3/issues/3020
  warnings.warn(
/Users/seunghoonoh/Library/Python/3.9/lib/python/site-packages/urllib3/__init__.py:35: NotOpenSSLWarning: urllib3 v2 only supports OpenSSL 1.1.1+, currently the 'ssl' module is compiled with 'LibreSSL 2.8.3'. See: https://github.com/urllib3/urllib3/issues/3020
  warnings.warn(
/Users/seunghoonoh/Library/Python/3.9/lib/python/site-packages/urllib3/__init__.py:35: NotOpenSSLWarning: urllib3 v2 only supports OpenSSL 1.1.1+, currently the 'ssl' module is compiled with 'LibreSSL 2.8.3'. See: https://github.com/urllib3/urllib3/issues/3020
  warnings.warn(
/Users/seunghoonoh/Library/Python/3.9/lib/python/site-packages/urllib3/__init__.py:35: NotOpenSSLWarning: urllib3 v2 only supports OpenSSL 1.1.1+, currently the 'ssl' module is compiled with 'LibreSSL 2.8.3'. See: https://github.com/urllib3/urllib3/issues/3020
  warnings.warn(
Traceback (most recent call last):
  File "/Users/seunghoonoh/woonmok.github.io/antigravity.py", line 1, in <module>
    import os, requests, telebot, re, time, threading, fcntl, json
ModuleNotFoundError: No module named 'telebot'
Traceback (most recent call last):
  File "/Users/seunghoonoh/woonmok.github.io/antigravity.py", line 1, in <module>
    import os, requests, telebot, re, time, threading, fcntl, json
ModuleNotFoundError: No module named 'telebot'
Traceback (most recent call last):
  File "/Users/seunghoonoh/woonmok.github.io/antigravity.py", line 1, in <module>
    import os, requests, telebot, re, time, threading, fcntl, json
ModuleNotFoundError: No module named 'telebot'
Traceback (most recent call last):
  File "/Users/seunghoonoh/woonmok.github.io/antigravity.py", line 1, in <module>
    import os, requests, telebot, re, time, threading, fcntl, json
ModuleNotFoundError: No module named 'telebot'
Traceback (most recent call last):
  File "/Users/seunghoonoh/woonmok.github.io/antigravity.py", line 1, in <module>
    import os, requests, telebot, re, time, threading, fcntl, json
ModuleNotFoundError: No module named 'telebot'
Traceback (most recent call last):
  File "/Users/seunghoonoh/woonmok.github.io/antigravity.py", line 1, in <module>
    import os, requests, telebot, re, time, threading, fcntl, json
ModuleNotFoundError: No module named 'telebot'
/Users/seunghoonoh/woonmok.github.io/.venv/lib/python3.9/site-packages/urllib3/__init__.py:35: NotOpenSSLWarning: urllib3 v2 only supports OpenSSL 1.1.1+, currently the 'ssl' module is compiled with 'LibreSSL 2.8.3'. See: https://github.com/urllib3/urllib3/issues/3020
  warnings.warn(
/Users/seunghoonoh/woonmok.github.io/.venv/lib/python3.9/site-packages/urllib3/__init__.py:35: NotOpenSSLWarning: urllib3 v2 only supports OpenSSL 1.1.1+, currently the 'ssl' module is compiled with 'LibreSSL 2.8.3'. See: https://github.com/urllib3/urllib3/issues/3020
  warnings.warn(
Traceback (most recent call last):
  File "/Users/seunghoonoh/woonmok.github.io/.venv/lib/python3.9/site-packages/urllib3/connectionpool.py", line 787, in urlopen
    response = self._make_request(
  File "/Users/seunghoonoh/woonmok.github.io/.venv/lib/python3.9/site-packages/urllib3/connectionpool.py", line 488, in _make_request
    raise new_e
  File "/Users/seunghoonoh/woonmok.github.io/.venv/lib/python3.9/site-packages/urllib3/connectionpool.py", line 464, in _make_request
    self._validate_conn(conn)
  File "/Users/seunghoonoh/woonmok.github.io/.venv/lib/python3.9/site-packages/urllib3/connectionpool.py", line 1093, in _validate_conn
    conn.connect()
  File "/Users/seunghoonoh/woonmok.github.io/.venv/lib/python3.9/site-packages/urllib3/connection.py", line 796, in connect
    sock_and_verified = _ssl_wrap_socket_and_match_hostname(
  File "/Users/seunghoonoh/woonmok.github.io/.venv/lib/python3.9/site-packages/urllib3/connection.py", line 975, in _ssl_wrap_socket_and_match_hostname
    ssl_sock = ssl_wrap_socket(
  File "/Users/seunghoonoh/woonmok.github.io/.venv/lib/python3.9/site-packages/urllib3/util/ssl_.py", line 483, in ssl_wrap_socket
    ssl_sock = _ssl_wrap_socket_impl(sock, context, tls_in_tls, server_hostname)
  File "/Users/seunghoonoh/woonmok.github.io/.venv/lib/python3.9/site-packages/urllib3/util/ssl_.py", line 527, in _ssl_wrap_socket_impl
    return ssl_context.wrap_socket(sock, server_hostname=server_hostname)
  File "/Library/Developer/CommandLineTools/Library/Frameworks/Python3.framework/Versions/3.9/lib/python3.9/ssl.py", line 500, in wrap_socket
    return self.sslsocket_class._create(
  File "/Library/Developer/CommandLineTools/Library/Frameworks/Python3.framework/Versions/3.9/lib/python3.9/ssl.py", line 1040, in _create
    self.do_handshake()
  File "/Library/Developer/CommandLineTools/Library/Frameworks/Python3.framework/Versions/3.9/lib/python3.9/ssl.py", line 1309, in do_handshake
    self._sslobj.do_handshake()
ConnectionResetError: [Errno 54] Connection reset by peer

During handling of the above exception, another exception occurred:

Traceback (most recent call last):
  File "/Users/seunghoonoh/woonmok.github.io/.venv/lib/python3.9/site-packages/requests/adapters.py", line 644, in send
    resp = conn.urlopen(
  File "/Users/seunghoonoh/woonmok.github.io/.venv/lib/python3.9/site-packages/urllib3/connectionpool.py", line 841, in urlopen
    retries = retries.increment(
  File "/Users/seunghoonoh/woonmok.github.io/.venv/lib/python3.9/site-packages/urllib3/util/retry.py", line 490, in increment
    raise reraise(type(error), error, _stacktrace)
  File "/Users/seunghoonoh/woonmok.github.io/.venv/lib/python3.9/site-packages/urllib3/util/util.py", line 38, in reraise
    raise value.with_traceback(tb)
  File "/Users/seunghoonoh/woonmok.github.io/.venv/lib/python3.9/site-packages/urllib3/connectionpool.py", line 787, in urlopen
    response = self._make_request(
  File "/Users/seunghoonoh/woonmok.github.io/.venv/lib/python3.9/site-packages/urllib3/connectionpool.py", line 488, in _make_request
    raise new_e
  File "/Users/seunghoonoh/woonmok.github.io/.venv/lib/python3.9/site-packages/urllib3/connectionpool.py", line 464, in _make_request
    self._validate_conn(conn)
  File "/Users/seunghoonoh/woonmok.github.io/.venv/lib/python3.9/site-packages/urllib3/connectionpool.py", line 1093, in _validate_conn
    conn.connect()
  File "/Users/seunghoonoh/woonmok.github.io/.venv/lib/python3.9/site-packages/urllib3/connection.py", line 796, in connect
    sock_and_verified = _ssl_wrap_socket_and_match_hostname(
  File "/Users/seunghoonoh/woonmok.github.io/.venv/lib/python3.9/site-packages/urllib3/connection.py", line 975, in _ssl_wrap_socket_and_match_hostname
    ssl_sock = ssl_wrap_socket(
  File "/Users/seunghoonoh/woonmok.github.io/.venv/lib/python3.9/site-packages/urllib3/util/ssl_.py", line 483, in ssl_wrap_socket
    ssl_sock = _ssl_wrap_socket_impl(sock, context, tls_in_tls, server_hostname)
  File "/Users/seunghoonoh/woonmok.github.io/.venv/lib/python3.9/site-packages/urllib3/util/ssl_.py", line 527, in _ssl_wrap_socket_impl
    return ssl_context.wrap_socket(sock, server_hostname=server_hostname)
  File "/Library/Developer/CommandLineTools/Library/Frameworks/Python3.framework/Versions/3.9/lib/python3.9/ssl.py", line 500, in wrap_socket
    return self.sslsocket_class._create(
  File "/Library/Developer/CommandLineTools/Library/Frameworks/Python3.framework/Versions/3.9/lib/python3.9/ssl.py", line 1040, in _create
    self.do_handshake()
  File "/Library/Developer/CommandLineTools/Library/Frameworks/Python3.framework/Versions/3.9/lib/python3.9/ssl.py", line 1309, in do_handshake
    self._sslobj.do_handshake()
urllib3.exceptions.ProtocolError: ('Connection aborted.', ConnectionResetError(54, 'Connection reset by peer'))

During handling of the above exception, another exception occurred:

Traceback (most recent call last):
  File "/Users/seunghoonoh/woonmok.github.io/antigravity.py", line 172, in <module>
    task_list = "\n".join([f"✓ {item['text']}" for item in data["todo_list"]])
  File "/Users/seunghoonoh/woonmok.github.io/.venv/lib/python3.9/site-packages/telebot/__init__.py", line 1198, in polling
    self.__threaded_polling(non_stop=non_stop, interval=interval, timeout=timeout, long_polling_timeout=long_polling_timeout,
  File "/Users/seunghoonoh/woonmok.github.io/.venv/lib/python3.9/site-packages/telebot/__init__.py", line 1273, in __threaded_polling
    raise e
  File "/Users/seunghoonoh/woonmok.github.io/.venv/lib/python3.9/site-packages/telebot/__init__.py", line 1234, in __threaded_polling
    polling_thread.raise_exceptions()
  File "/Users/seunghoonoh/woonmok.github.io/.venv/lib/python3.9/site-packages/telebot/util.py", line 115, in raise_exceptions
    raise self.exception_info
  File "/Users/seunghoonoh/woonmok.github.io/.venv/lib/python3.9/site-packages/telebot/util.py", line 97, in run
    task(*args, **kwargs)
  File "/Users/seunghoonoh/woonmok.github.io/.venv/lib/python3.9/site-packages/telebot/__init__.py", line 688, in __retrieve_updates
    updates = self.get_updates(offset=(self.last_update_id + 1),
  File "/Users/seunghoonoh/woonmok.github.io/.venv/lib/python3.9/site-packages/telebot/__init__.py", line 660, in get_updates
    json_updates = apihelper.get_updates(
  File "/Users/seunghoonoh/woonmok.github.io/.venv/lib/python3.9/site-packages/telebot/apihelper.py", line 339, in get_updates
    return _make_request(token, method_url, params=payload)
  File "/Users/seunghoonoh/woonmok.github.io/.venv/lib/python3.9/site-packages/telebot/apihelper.py", line 162, in _make_request
    result = _get_req_session().request(
  File "/Users/seunghoonoh/woonmok.github.io/.venv/lib/python3.9/site-packages/requests/sessions.py", line 589, in request
    resp = self.send(prep, **send_kwargs)
  File "/Users/seunghoonoh/woonmok.github.io/.venv/lib/python3.9/site-packages/requests/sessions.py", line 703, in send
    r = adapter.send(request, **kwargs)
  File "/Users/seunghoonoh/woonmok.github.io/.venv/lib/python3.9/site-packages/requests/adapters.py", line 659, in send
    raise ConnectionError(err, request=request)
requests.exceptions.ConnectionError: ('Connection aborted.', ConnectionResetError(54, 'Connection reset by peer'))
  File "/Users/seunghoonoh/woonmok.github.io/antigravity.py", line 53
    """텔레그램 명령 처리"""
                                    ^
IndentationError: unindent does not match any outer indentation level
  File "/Users/seunghoonoh/woonmok.github.io/antigravity.py", line 53
    """텔레그램 명령 처리"""
                                    ^
IndentationError: unindent does not match any outer indentation level
  File "/Users/seunghoonoh/woonmok.github.io/antigravity.py", line 53
    """텔레그램 명령 처리"""
                                    ^
IndentationError: unindent does not match any outer indentation level
  File "/Users/seunghoonoh/woonmok.github.io/antigravity.py", line 53
    """텔레그램 명령 처리"""
                                    ^
IndentationError: unindent does not match any outer indentation level
  File "/Users/seunghoonoh/woonmok.github.io/antigravity.py", line 53
    """텔레그램 명령 처리"""
                                    ^
IndentationError: unindent does not match any outer indentation level
  File "/Users/seunghoonoh/woonmok.github.io/antigravity.py", line 53
    """텔레그램 명령 처리"""
                                    ^
IndentationError: unindent does not match any outer indentation level
  File "/Users/seunghoonoh/woonmok.github.io/antigravity.py", line 53
    """텔레그램 명령 처리"""
                                    ^
IndentationError: unindent does not match any outer indentation level
  File "/Users/seunghoonoh/woonmok.github.io/antigravity.py", line 53
    """텔레그램 명령 처리"""
                                    ^
IndentationError: unindent does not match any outer indentation level
  File "/Users/seunghoonoh/woonmok.github.io/antigravity.py", line 53
    """텔레그램 명령 처리"""
                                    ^
IndentationError: unindent does not match any outer indentation level
  File "/Users/seunghoonoh/woonmok.github.io/antigravity.py", line 53
    """텔레그램 명령 처리"""
                                    ^
IndentationError: unindent does not match any outer indentation level
  File "/Users/seunghoonoh/woonmok.github.io/antigravity.py", line 53
    """텔레그램 명령 처리"""
                                    ^
IndentationError: unindent does not match any outer indentation level
  File "/Users/seunghoonoh/woonmok.github.io/antigravity.py", line 53
    """텔레그램 명령 처리"""
                                    ^
IndentationError: unindent does not match any outer indentation level
  File "/Users/seunghoonoh/woonmok.github.io/antigravity.py", line 53
    """텔레그램 명령 처리"""
                                    ^
IndentationError: unindent does not match any outer indentation level
  File "/Users/seunghoonoh/woonmok.github.io/antigravity.py", line 53
    """텔레그램 명령 처리"""
                                    ^
IndentationError: unindent does not match any outer indentation level
  File "/Users/seunghoonoh/woonmok.github.io/antigravity.py", line 53
    """텔레그램 명령 처리"""
                                    ^
IndentationError: unindent does not match any outer indentation level
  File "/Users/seunghoonoh/woonmok.github.io/antigravity.py", line 53
    """텔레그램 명령 처리"""
                                    ^
IndentationError: unindent does not match any outer indentation level
  File "/Users/seunghoonoh/woonmok.github.io/antigravity.py", line 53
    """텔레그램 명령 처리"""
                                    ^
IndentationError: unindent does not match any outer indentation level
  File "/Users/seunghoonoh/woonmok.github.io/antigravity.py", line 53
    """텔레그램 명령 처리"""
                                    ^
IndentationError: unindent does not match any outer indentation level
  File "/Users/seunghoonoh/woonmok.github.io/antigravity.py", line 53
    """텔레그램 명령 처리"""
                                    ^
IndentationError: unindent does not match any outer indentation level
  File "/Users/seunghoonoh/woonmok.github.io/antigravity.py", line 53
    """텔레그램 명령 처리"""
                                    ^
IndentationError: unindent does not match any outer indentation level
  File "/Users/seunghoonoh/woonmok.github.io/antigravity.py", line 53
    """텔레그램 명령 처리"""
                                    ^
IndentationError: unindent does not match any outer indentation level
  File "/Users/seunghoonoh/woonmok.github.io/antigravity.py", line 53
    """텔레그램 명령 처리"""
                                    ^
IndentationError: unindent does not match any outer indentation level
  File "/Users/seunghoonoh/woonmok.github.io/antigravity.py", line 53
    """텔레그램 명령 처리"""
                                    ^
IndentationError: unindent does not match any outer indentation level
  File "/Users/seunghoonoh/woonmok.github.io/antigravity.py", line 53
    """텔레그램 명령 처리"""
                                    ^
IndentationError: unindent does not match any outer indentation level
  File "/Users/seunghoonoh/woonmok.github.io/antigravity.py", line 53
    """텔레그램 명령 처리"""
                                    ^
IndentationError: unindent does not match any outer indentation level
  File "/Users/seunghoonoh/woonmok.github.io/antigravity.py", line 53
    """텔레그램 명령 처리"""
                                    ^
IndentationError: unindent does not match any outer indentation level
  File "/Users/seunghoonoh/woonmok.github.io/antigravity.py", line 53
    """텔레그램 명령 처리"""
                                    ^
IndentationError: unindent does not match any outer indentation level
  File "/Users/seunghoonoh/woonmok.github.io/antigravity.py", line 53
    """텔레그램 명령 처리"""
                                    ^
IndentationError: unindent does not match any outer indentation level
  File "/Users/seunghoonoh/woonmok.github.io/antigravity.py", line 53
    """텔레그램 명령 처리"""
                                    ^
IndentationError: unindent does not match any outer indentation level
  File "/Users/seunghoonoh/woonmok.github.io/antigravity.py", line 53
    """텔레그램 명령 처리"""
                                    ^
IndentationError: unindent does not match any outer indentation level
  File "/Users/seunghoonoh/woonmok.github.io/antigravity.py", line 53
    """텔레그램 명령 처리"""
                                    ^
IndentationError: unindent does not match any outer indentation level
  File "/Users/seunghoonoh/woonmok.github.io/antigravity.py", line 53
    """텔레그램 명령 처리"""
                                    ^
IndentationError: unindent does not match any outer indentation level
  File "/Users/seunghoonoh/woonmok.github.io/antigravity.py", line 53
    """텔레그램 명령 처리"""
                                    ^
IndentationError: unindent does not match any outer indentation level
  File "/Users/seunghoonoh/woonmok.github.io/antigravity.py", line 53
    """텔레그램 명령 처리"""
                                    ^
IndentationError: unindent does not match any outer indentation level
  File "/Users/seunghoonoh/woonmok.github.io/antigravity.py", line 53
    """텔레그램 명령 처리"""
                                    ^
IndentationError: unindent does not match any outer indentation level
  File "/Users/seunghoonoh/woonmok.github.io/antigravity.py", line 53
    """텔레그램 명령 처리"""
                                    ^
IndentationError: unindent does not match any outer indentation level
  File "/Users/seunghoonoh/woonmok.github.io/antigravity.py", line 53
    """텔레그램 명령 처리"""
                                    ^
IndentationError: unindent does not match any outer indentation level
  File "/Users/seunghoonoh/woonmok.github.io/antigravity.py", line 53
    """텔레그램 명령 처리"""
                                    ^
IndentationError: unindent does not match any outer indentation level
  File "/Users/seunghoonoh/woonmok.github.io/antigravity.py", line 53
    """텔레그램 명령 처리"""
                                    ^
IndentationError: unindent does not match any outer indentation level
  File "/Users/seunghoonoh/woonmok.github.io/antigravity.py", line 53
    """텔레그램 명령 처리"""
                                    ^
IndentationError: unindent does not match any outer indentation level
  File "/Users/seunghoonoh/woonmok.github.io/antigravity.py", line 53
    """텔레그램 명령 처리"""
                                    ^
IndentationError: unindent does not match any outer indentation level
  File "/Users/seunghoonoh/woonmok.github.io/antigravity.py", line 53
    """텔레그램 명령 처리"""
                                    ^
IndentationError: unindent does not match any outer indentation level
  File "/Users/seunghoonoh/woonmok.github.io/antigravity.py", line 53
    """텔레그램 명령 처리"""
                                    ^
IndentationError: unindent does not match any outer indentation level
  File "/Users/seunghoonoh/woonmok.github.io/antigravity.py", line 53
    """텔레그램 명령 처리"""
                                    ^
IndentationError: unindent does not match any outer indentation level
  File "/Users/seunghoonoh/woonmok.github.io/antigravity.py", line 53
    """텔레그램 명령 처리"""
                                    ^
IndentationError: unindent does not match any outer indentation level
  File "/Users/seunghoonoh/woonmok.github.io/antigravity.py", line 53
    """텔레그램 명령 처리"""
                                    ^
IndentationError: unindent does not match any outer indentation level
  File "/Users/seunghoonoh/woonmok.github.io/antigravity.py", line 76
    """텔레그램 명령 처리"""
                                    ^
IndentationError: unindent does not match any outer indentation level
  File "/Users/seunghoonoh/woonmok.github.io/antigravity.py", line 76
    """텔레그램 명령 처리"""
                                    ^
IndentationError: unindent does not match any outer indentation level
  File "/Users/seunghoonoh/woonmok.github.io/antigravity.py", line 76
    """텔레그램 명령 처리"""
                                    ^
IndentationError: unindent does not match any outer indentation level
  File "/Users/seunghoonoh/woonmok.github.io/antigravity.py", line 76
    """텔레그램 명령 처리"""
                                    ^
IndentationError: unindent does not match any outer indentation level
  File "/Users/seunghoonoh/woonmok.github.io/antigravity.py", line 76
    """텔레그램 명령 처리"""
                                    ^
IndentationError: unindent does not match any outer indentation level
  File "/Users/seunghoonoh/woonmok.github.io/antigravity.py", line 76
    """텔레그램 명령 처리"""
                                    ^
IndentationError: unindent does not match any outer indentation level
  File "/Users/seunghoonoh/woonmok.github.io/antigravity.py", line 76
    """텔레그램 명령 처리"""
                                    ^
IndentationError: unindent does not match any outer indentation level
  File "/Users/seunghoonoh/woonmok.github.io/antigravity.py", line 76
    """텔레그램 명령 처리"""
                                    ^
IndentationError: unindent does not match any outer indentation level
  File "/Users/seunghoonoh/woonmok.github.io/antigravity.py", line 76
    """텔레그램 명령 처리"""
                                    ^
IndentationError: unindent does not match any outer indentation level
  File "/Users/seunghoonoh/woonmok.github.io/antigravity.py", line 76
    """텔레그램 명령 처리"""
                                    ^
IndentationError: unindent does not match any outer indentation level
  File "/Users/seunghoonoh/woonmok.github.io/antigravity.py", line 76
    """텔레그램 명령 처리"""
                                    ^
IndentationError: unindent does not match any outer indentation level
  File "/Users/seunghoonoh/woonmok.github.io/antigravity.py", line 76
    """텔레그램 명령 처리"""
                                    ^
IndentationError: unindent does not match any outer indentation level
  File "/Users/seunghoonoh/woonmok.github.io/antigravity.py", line 76
    """텔레그램 명령 처리"""
                                    ^
IndentationError: unindent does not match any outer indentation level
  File "/Users/seunghoonoh/woonmok.github.io/antigravity.py", line 76
    """텔레그램 명령 처리"""
                                    ^
IndentationError: unindent does not match any outer indentation level
  File "/Users/seunghoonoh/woonmok.github.io/antigravity.py", line 76
    """텔레그램 명령 처리"""
                                    ^
IndentationError: unindent does not match any outer indentation level
  File "/Users/seunghoonoh/woonmok.github.io/antigravity.py", line 76
    """텔레그램 명령 처리"""
                                    ^
IndentationError: unindent does not match any outer indentation level
  File "/Users/seunghoonoh/woonmok.github.io/antigravity.py", line 76
    """텔레그램 명령 처리"""
                                    ^
IndentationError: unindent does not match any outer indentation level
  File "/Users/seunghoonoh/woonmok.github.io/antigravity.py", line 76
    """텔레그램 명령 처리"""
                                    ^
IndentationError: unindent does not match any outer indentation level
  File "/Users/seunghoonoh/woonmok.github.io/antigravity.py", line 76
    """텔레그램 명령 처리"""
                                    ^
IndentationError: unindent does not match any outer indentation level
  File "/Users/seunghoonoh/woonmok.github.io/antigravity.py", line 76
    """텔레그램 명령 처리"""
                                    ^
IndentationError: unindent does not match any outer indentation level
  File "/Users/seunghoonoh/woonmok.github.io/antigravity.py", line 76
    """텔레그램 명령 처리"""
                                    ^
IndentationError: unindent does not match any outer indentation level
  File "/Users/seunghoonoh/woonmok.github.io/antigravity.py", line 76
    """텔레그램 명령 처리"""
                                    ^
IndentationError: unindent does not match any outer indentation level
  File "/Users/seunghoonoh/woonmok.github.io/antigravity.py", line 76
    """텔레그램 명령 처리"""
                                    ^
IndentationError: unindent does not match any outer indentation level
  File "/Users/seunghoonoh/woonmok.github.io/antigravity.py", line 76
    """텔레그램 명령 처리"""
                                    ^
IndentationError: unindent does not match any outer indentation level
  File "/Users/seunghoonoh/woonmok.github.io/antigravity.py", line 76
    """텔레그램 명령 처리"""
                                    ^
IndentationError: unindent does not match any outer indentation level
  File "/Users/seunghoonoh/woonmok.github.io/antigravity.py", line 76
    """텔레그램 명령 처리"""
                                    ^
IndentationError: unindent does not match any outer indentation level
  File "/Users/seunghoonoh/woonmok.github.io/antigravity.py", line 76
    """텔레그램 명령 처리"""
                                    ^
IndentationError: unindent does not match any outer indentation level
  File "/Users/seunghoonoh/woonmok.github.io/antigravity.py", line 76
    """텔레그램 명령 처리"""
                                    ^
IndentationError: unindent does not match any outer indentation level
  File "/Users/seunghoonoh/woonmok.github.io/antigravity.py", line 76
    """텔레그램 명령 처리"""
                                    ^
IndentationError: unindent does not match any outer indentation level
  File "/Users/seunghoonoh/woonmok.github.io/antigravity.py", line 76
    """텔레그램 명령 처리"""
                                    ^
IndentationError: unindent does not match any outer indentation level
  File "/Users/seunghoonoh/woonmok.github.io/antigravity.py", line 76
    """텔레그램 명령 처리"""
                                    ^
IndentationError: unindent does not match any outer indentation level
  File "/Users/seunghoonoh/woonmok.github.io/antigravity.py", line 76
    """텔레그램 명령 처리"""
                                    ^
IndentationError: unindent does not match any outer indentation level
  File "/Users/seunghoonoh/woonmok.github.io/antigravity.py", line 76
    """텔레그램 명령 처리"""
                                    ^
IndentationError: unindent does not match any outer indentation level
  File "/Users/seunghoonoh/woonmok.github.io/antigravity.py", line 76
    """텔레그램 명령 처리"""
                                    ^
IndentationError: unindent does not match any outer indentation level
  File "/Users/seunghoonoh/woonmok.github.io/antigravity.py", line 76
    """텔레그램 명령 처리"""
                                    ^
IndentationError: unindent does not match any outer indentation level
  File "/Users/seunghoonoh/woonmok.github.io/antigravity.py", line 76
    """텔레그램 명령 처리"""
                                    ^
IndentationError: unindent does not match any outer indentation level
  File "/Users/seunghoonoh/woonmok.github.io/antigravity.py", line 76
    """텔레그램 명령 처리"""
                                    ^
IndentationError: unindent does not match any outer indentation level
  File "/Users/seunghoonoh/woonmok.github.io/antigravity.py", line 76
    """텔레그램 명령 처리"""
                                    ^
IndentationError: unindent does not match any outer indentation level
  File "/Users/seunghoonoh/woonmok.github.io/antigravity.py", line 76
    """텔레그램 명령 처리"""
                                    ^
IndentationError: unindent does not match any outer indentation level
  File "/Users/seunghoonoh/woonmok.github.io/antigravity.py", line 76
    """텔레그램 명령 처리"""
                                    ^
IndentationError: unindent does not match any outer indentation level
  File "/Users/seunghoonoh/woonmok.github.io/antigravity.py", line 76
    """텔레그램 명령 처리"""
                                    ^
IndentationError: unindent does not match any outer indentation level
  File "/Users/seunghoonoh/woonmok.github.io/antigravity.py", line 76
    """텔레그램 명령 처리"""
                                    ^
IndentationError: unindent does not match any outer indentation level
  File "/Users/seunghoonoh/woonmok.github.io/antigravity.py", line 76
    """텔레그램 명령 처리"""
                                    ^
IndentationError: unindent does not match any outer indentation level
  File "/Users/seunghoonoh/woonmok.github.io/antigravity.py", line 76
    """텔레그램 명령 처리"""
                                    ^
IndentationError: unindent does not match any outer indentation level
  File "/Users/seunghoonoh/woonmok.github.io/antigravity.py", line 76
    """텔레그램 명령 처리"""
                                    ^
IndentationError: unindent does not match any outer indentation level
  File "/Users/seunghoonoh/woonmok.github.io/antigravity.py", line 76
    """텔레그램 명령 처리"""
                                    ^
IndentationError: unindent does not match any outer indentation level
  File "/Users/seunghoonoh/woonmok.github.io/antigravity.py", line 76
    """텔레그램 명령 처리"""
                                    ^
IndentationError: unindent does not match any outer indentation level
  File "/Users/seunghoonoh/woonmok.github.io/antigravity.py", line 76
    """텔레그램 명령 처리"""
                                    ^
IndentationError: unindent does not match any outer indentation level
  File "/Users/seunghoonoh/woonmok.github.io/antigravity.py", line 76
    """텔레그램 명령 처리"""
                                    ^
IndentationError: unindent does not match any outer indentation level
  File "/Users/seunghoonoh/woonmok.github.io/antigravity.py", line 76
    """텔레그램 명령 처리"""
                                    ^
IndentationError: unindent does not match any outer indentation level
  File "/Users/seunghoonoh/woonmok.github.io/antigravity.py", line 76
    """텔레그램 명령 처리"""
                                    ^
IndentationError: unindent does not match any outer indentation level
  File "/Users/seunghoonoh/woonmok.github.io/antigravity.py", line 76
    """텔레그램 명령 처리"""
                                    ^
IndentationError: unindent does not match any outer indentation level
  File "/Users/seunghoonoh/woonmok.github.io/antigravity.py", line 76
    """텔레그램 명령 처리"""
                                    ^
IndentationError: unindent does not match any outer indentation level
  File "/Users/seunghoonoh/woonmok.github.io/antigravity.py", line 76
    """텔레그램 명령 처리"""
                                    ^
IndentationError: unindent does not match any outer indentation level
  File "/Users/seunghoonoh/woonmok.github.io/antigravity.py", line 76
    """텔레그램 명령 처리"""
                                    ^
IndentationError: unindent does not match any outer indentation level
  File "/Users/seunghoonoh/woonmok.github.io/antigravity.py", line 76
    """텔레그램 명령 처리"""
                                    ^
IndentationError: unindent does not match any outer indentation level
  File "/Users/seunghoonoh/woonmok.github.io/antigravity.py", line 76
    """텔레그램 명령 처리"""
                                    ^
IndentationError: unindent does not match any outer indentation level
  File "/Users/seunghoonoh/woonmok.github.io/antigravity.py", line 76
    """텔레그램 명령 처리"""
                                    ^
IndentationError: unindent does not match any outer indentation level
  File "/Users/seunghoonoh/woonmok.github.io/antigravity.py", line 76
    """텔레그램 명령 처리"""
                                    ^
IndentationError: unindent does not match any outer indentation level
  File "/Users/seunghoonoh/woonmok.github.io/antigravity.py", line 76
    """텔레그램 명령 처리"""
                                    ^
IndentationError: unindent does not match any outer indentation level
  File "/Users/seunghoonoh/woonmok.github.io/antigravity.py", line 76
    """텔레그램 명령 처리"""
                                    ^
IndentationError: unindent does not match any outer indentation level
  File "/Users/seunghoonoh/woonmok.github.io/antigravity.py", line 76
    """텔레그램 명령 처리"""
                                    ^
IndentationError: unindent does not match any outer indentation level
  File "/Users/seunghoonoh/woonmok.github.io/antigravity.py", line 76
    """텔레그램 명령 처리"""
                                    ^
IndentationError: unindent does not match any outer indentation level
  File "/Users/seunghoonoh/woonmok.github.io/antigravity.py", line 76
    """텔레그램 명령 처리"""
                                    ^
IndentationError: unindent does not match any outer indentation level
  File "/Users/seunghoonoh/woonmok.github.io/antigravity.py", line 76
    """텔레그램 명령 처리"""
                                    ^
IndentationError: unindent does not match any outer indentation level
  File "/Users/seunghoonoh/woonmok.github.io/antigravity.py", line 76
    """텔레그램 명령 처리"""
                                    ^
IndentationError: unindent does not match any outer indentation level
  File "/Users/seunghoonoh/woonmok.github.io/antigravity.py", line 76
    """텔레그램 명령 처리"""
                                    ^
IndentationError: unindent does not match any outer indentation level
  File "/Users/seunghoonoh/woonmok.github.io/antigravity.py", line 76
    """텔레그램 명령 처리"""
                                    ^
IndentationError: unindent does not match any outer indentation level
  File "/Users/seunghoonoh/woonmok.github.io/antigravity.py", line 76
    """텔레그램 명령 처리"""
                                    ^
IndentationError: unindent does not match any outer indentation level
  File "/Users/seunghoonoh/woonmok.github.io/antigravity.py", line 76
    """텔레그램 명령 처리"""
                                    ^
IndentationError: unindent does not match any outer indentation level
  File "/Users/seunghoonoh/woonmok.github.io/antigravity.py", line 76
    """텔레그램 명령 처리"""
                                    ^
IndentationError: unindent does not match any outer indentation level
  File "/Users/seunghoonoh/woonmok.github.io/antigravity.py", line 76
    """텔레그램 명령 처리"""
                                    ^
IndentationError: unindent does not match any outer indentation level
  File "/Users/seunghoonoh/woonmok.github.io/antigravity.py", line 76
    """텔레그램 명령 처리"""
                                    ^
IndentationError: unindent does not match any outer indentation level
  File "/Users/seunghoonoh/woonmok.github.io/antigravity.py", line 76
    """텔레그램 명령 처리"""
                                    ^
IndentationError: unindent does not match any outer indentation level
  File "/Users/seunghoonoh/woonmok.github.io/antigravity.py", line 76
    """텔레그램 명령 처리"""
                                    ^
IndentationError: unindent does not match any outer indentation level
  File "/Users/seunghoonoh/woonmok.github.io/antigravity.py", line 76
    """텔레그램 명령 처리"""
                                    ^
IndentationError: unindent does not match any outer indentation level
  File "/Users/seunghoonoh/woonmok.github.io/antigravity.py", line 76
    """텔레그램 명령 처리"""
                                    ^
IndentationError: unindent does not match any outer indentation level
  File "/Users/seunghoonoh/woonmok.github.io/antigravity.py", line 76
    """텔레그램 명령 처리"""
                                    ^
IndentationError: unindent does not match any outer indentation level
  File "/Users/seunghoonoh/woonmok.github.io/antigravity.py", line 76
    """텔레그램 명령 처리"""
                                    ^
IndentationError: unindent does not match any outer indentation level
  File "/Users/seunghoonoh/woonmok.github.io/antigravity.py", line 76
    """텔레그램 명령 처리"""
                                    ^
IndentationError: unindent does not match any outer indentation level
  File "/Users/seunghoonoh/woonmok.github.io/antigravity.py", line 76
    """텔레그램 명령 처리"""
                                    ^
IndentationError: unindent does not match any outer indentation level
  File "/Users/seunghoonoh/woonmok.github.io/antigravity.py", line 76
    """텔레그램 명령 처리"""
                                    ^
IndentationError: unindent does not match any outer indentation level
  File "/Users/seunghoonoh/woonmok.github.io/antigravity.py", line 76
    """텔레그램 명령 처리"""
                                    ^
IndentationError: unindent does not match any outer indentation level
  File "/Users/seunghoonoh/woonmok.github.io/antigravity.py", line 76
    """텔레그램 명령 처리"""
                                    ^
IndentationError: unindent does not match any outer indentation level
  File "/Users/seunghoonoh/woonmok.github.io/antigravity.py", line 76
    """텔레그램 명령 처리"""
                                    ^
IndentationError: unindent does not match any outer indentation level
  File "/Users/seunghoonoh/woonmok.github.io/antigravity.py", line 76
    """텔레그램 명령 처리"""
                                    ^
IndentationError: unindent does not match any outer indentation level
  File "/Users/seunghoonoh/woonmok.github.io/antigravity.py", line 76
    """텔레그램 명령 처리"""
                                    ^
IndentationError: unindent does not match any outer indentation level
  File "/Users/seunghoonoh/woonmok.github.io/antigravity.py", line 76
    """텔레그램 명령 처리"""
                                    ^
IndentationError: unindent does not match any outer indentation level
  File "/Users/seunghoonoh/woonmok.github.io/antigravity.py", line 76
    """텔레그램 명령 처리"""
                                    ^
IndentationError: unindent does not match any outer indentation level
  File "/Users/seunghoonoh/woonmok.github.io/antigravity.py", line 76
    """텔레그램 명령 처리"""
                                    ^
IndentationError: unindent does not match any outer indentation level
  File "/Users/seunghoonoh/woonmok.github.io/antigravity.py", line 76
    """텔레그램 명령 처리"""
                                    ^
IndentationError: unindent does not match any outer indentation level
  File "/Users/seunghoonoh/woonmok.github.io/antigravity.py", line 76
    """텔레그램 명령 처리"""
                                    ^
IndentationError: unindent does not match any outer indentation level
  File "/Users/seunghoonoh/woonmok.github.io/antigravity.py", line 76
    """텔레그램 명령 처리"""
                                    ^
IndentationError: unindent does not match any outer indentation level
  File "/Users/seunghoonoh/woonmok.github.io/antigravity.py", line 76
    """텔레그램 명령 처리"""
                                    ^
IndentationError: unindent does not match any outer indentation level
  File "/Users/seunghoonoh/woonmok.github.io/antigravity.py", line 76
    """텔레그램 명령 처리"""
                                    ^
IndentationError: unindent does not match any outer indentation level
  File "/Users/seunghoonoh/woonmok.github.io/antigravity.py", line 76
    """텔레그램 명령 처리"""
                                    ^
IndentationError: unindent does not match any outer indentation level
  File "/Users/seunghoonoh/woonmok.github.io/antigravity.py", line 76
    """텔레그램 명령 처리"""
                                    ^
IndentationError: unindent does not match any outer indentation level
  File "/Users/seunghoonoh/woonmok.github.io/antigravity.py", line 76
    """텔레그램 명령 처리"""
                                    ^
IndentationError: unindent does not match any outer indentation level
  File "/Users/seunghoonoh/woonmok.github.io/antigravity.py", line 76
    """텔레그램 명령 처리"""
                                    ^
IndentationError: unindent does not match any outer indentation level
  File "/Users/seunghoonoh/woonmok.github.io/antigravity.py", line 76
    """텔레그램 명령 처리"""
                                    ^
IndentationError: unindent does not match any outer indentation level
  File "/Users/seunghoonoh/woonmok.github.io/antigravity.py", line 76
    """텔레그램 명령 처리"""
                                    ^
IndentationError: unindent does not match any outer indentation level
  File "/Users/seunghoonoh/woonmok.github.io/antigravity.py", line 76
    """텔레그램 명령 처리"""
                                    ^
IndentationError: unindent does not match any outer indentation level
  File "/Users/seunghoonoh/woonmok.github.io/antigravity.py", line 76
    """텔레그램 명령 처리"""
                                    ^
IndentationError: unindent does not match any outer indentation level
  File "/Users/seunghoonoh/woonmok.github.io/antigravity.py", line 76
    """텔레그램 명령 처리"""
                                    ^
IndentationError: unindent does not match any outer indentation level
  File "/Users/seunghoonoh/woonmok.github.io/antigravity.py", line 76
    """텔레그램 명령 처리"""
                                    ^
IndentationError: unindent does not match any outer indentation level
  File "/Users/seunghoonoh/woonmok.github.io/antigravity.py", line 76
    """텔레그램 명령 처리"""
                                    ^
IndentationError: unindent does not match any outer indentation level
  File "/Users/seunghoonoh/woonmok.github.io/antigravity.py", line 76
    """텔레그램 명령 처리"""
                                    ^
IndentationError: unindent does not match any outer indentation level
  File "/Users/seunghoonoh/woonmok.github.io/antigravity.py", line 76
    """텔레그램 명령 처리"""
                                    ^
IndentationError: unindent does not match any outer indentation level
  File "/Users/seunghoonoh/woonmok.github.io/antigravity.py", line 76
    """텔레그램 명령 처리"""
                                    ^
IndentationError: unindent does not match any outer indentation level
  File "/Users/seunghoonoh/woonmok.github.io/antigravity.py", line 76
    """텔레그램 명령 처리"""
                                    ^
IndentationError: unindent does not match any outer indentation level
  File "/Users/seunghoonoh/woonmok.github.io/antigravity.py", line 76
    """텔레그램 명령 처리"""
                                    ^
IndentationError: unindent does not match any outer indentation level
  File "/Users/seunghoonoh/woonmok.github.io/antigravity.py", line 76
    """텔레그램 명령 처리"""
                                    ^
IndentationError: unindent does not match any outer indentation level
  File "/Users/seunghoonoh/woonmok.github.io/antigravity.py", line 76
    """텔레그램 명령 처리"""
                                    ^
IndentationError: unindent does not match any outer indentation level
  File "/Users/seunghoonoh/woonmok.github.io/antigravity.py", line 76
    """텔레그램 명령 처리"""
                                    ^
IndentationError: unindent does not match any outer indentation level
  File "/Users/seunghoonoh/woonmok.github.io/antigravity.py", line 76
    """텔레그램 명령 처리"""
                                    ^
IndentationError: unindent does not match any outer indentation level
  File "/Users/seunghoonoh/woonmok.github.io/antigravity.py", line 76
    """텔레그램 명령 처리"""
                                    ^
IndentationError: unindent does not match any outer indentation level
  File "/Users/seunghoonoh/woonmok.github.io/antigravity.py", line 76
    """텔레그램 명령 처리"""
                                    ^
IndentationError: unindent does not match any outer indentation level
  File "/Users/seunghoonoh/woonmok.github.io/antigravity.py", line 76
    """텔레그램 명령 처리"""
                                    ^
IndentationError: unindent does not match any outer indentation level
  File "/Users/seunghoonoh/woonmok.github.io/antigravity.py", line 76
    """텔레그램 명령 처리"""
                                    ^
IndentationError: unindent does not match any outer indentation level
  File "/Users/seunghoonoh/woonmok.github.io/antigravity.py", line 76
    """텔레그램 명령 처리"""
                                    ^
IndentationError: unindent does not match any outer indentation level
  File "/Users/seunghoonoh/woonmok.github.io/antigravity.py", line 76
    """텔레그램 명령 처리"""
                                    ^
IndentationError: unindent does not match any outer indentation level
  File "/Users/seunghoonoh/woonmok.github.io/antigravity.py", line 76
    """텔레그램 명령 처리"""
                                    ^
IndentationError: unindent does not match any outer indentation level
  File "/Users/seunghoonoh/woonmok.github.io/antigravity.py", line 76
    """텔레그램 명령 처리"""
                                    ^
IndentationError: unindent does not match any outer indentation level
  File "/Users/seunghoonoh/woonmok.github.io/antigravity.py", line 76
    """텔레그램 명령 처리"""
                                    ^
IndentationError: unindent does not match any outer indentation level
  File "/Users/seunghoonoh/woonmok.github.io/antigravity.py", line 76
    """텔레그램 명령 처리"""
                                    ^
IndentationError: unindent does not match any outer indentation level
  File "/Users/seunghoonoh/woonmok.github.io/antigravity.py", line 76
    """텔레그램 명령 처리"""
                                    ^
IndentationError: unindent does not match any outer indentation level
  File "/Users/seunghoonoh/woonmok.github.io/antigravity.py", line 76
    """텔레그램 명령 처리"""
                                    ^
IndentationError: unindent does not match any outer indentation level
  File "/Users/seunghoonoh/woonmok.github.io/antigravity.py", line 76
    """텔레그램 명령 처리"""
                                    ^
IndentationError: unindent does not match any outer indentation level
  File "/Users/seunghoonoh/woonmok.github.io/antigravity.py", line 76
    """텔레그램 명령 처리"""
                                    ^
IndentationError: unindent does not match any outer indentation level
  File "/Users/seunghoonoh/woonmok.github.io/antigravity.py", line 76
    """텔레그램 명령 처리"""
                                    ^
IndentationError: unindent does not match any outer indentation level
  File "/Users/seunghoonoh/woonmok.github.io/antigravity.py", line 76
    """텔레그램 명령 처리"""
                                    ^
IndentationError: unindent does not match any outer indentation level
  File "/Users/seunghoonoh/woonmok.github.io/antigravity.py", line 76
    """텔레그램 명령 처리"""
                                    ^
IndentationError: unindent does not match any outer indentation level
  File "/Users/seunghoonoh/woonmok.github.io/antigravity.py", line 76
    """텔레그램 명령 처리"""
                                    ^
IndentationError: unindent does not match any outer indentation level
  File "/Users/seunghoonoh/woonmok.github.io/antigravity.py", line 76
    """텔레그램 명령 처리"""
                                    ^
IndentationError: unindent does not match any outer indentation level
  File "/Users/seunghoonoh/woonmok.github.io/antigravity.py", line 76
    """텔레그램 명령 처리"""
                                    ^
IndentationError: unindent does not match any outer indentation level
  File "/Users/seunghoonoh/woonmok.github.io/antigravity.py", line 76
    """텔레그램 명령 처리"""
                                    ^
IndentationError: unindent does not match any outer indentation level
  File "/Users/seunghoonoh/woonmok.github.io/antigravity.py", line 76
    """텔레그램 명령 처리"""
                                    ^
IndentationError: unindent does not match any outer indentation level
  File "/Users/seunghoonoh/woonmok.github.io/antigravity.py", line 76
    """텔레그램 명령 처리"""
                                    ^
IndentationError: unindent does not match any outer indentation level
  File "/Users/seunghoonoh/woonmok.github.io/antigravity.py", line 76
    """텔레그램 명령 처리"""
                                    ^
IndentationError: unindent does not match any outer indentation level
  File "/Users/seunghoonoh/woonmok.github.io/antigravity.py", line 76
    """텔레그램 명령 처리"""
                                    ^
IndentationError: unindent does not match any outer indentation level
  File "/Users/seunghoonoh/woonmok.github.io/antigravity.py", line 76
    """텔레그램 명령 처리"""
                                    ^
IndentationError: unindent does not match any outer indentation level
  File "/Users/seunghoonoh/woonmok.github.io/antigravity.py", line 76
    """텔레그램 명령 처리"""
                                    ^
IndentationError: unindent does not match any outer indentation level
  File "/Users/seunghoonoh/woonmok.github.io/antigravity.py", line 76
    """텔레그램 명령 처리"""
                                    ^
IndentationError: unindent does not match any outer indentation level
  File "/Users/seunghoonoh/woonmok.github.io/antigravity.py", line 76
    """텔레그램 명령 처리"""
                                    ^
IndentationError: unindent does not match any outer indentation level
  File "/Users/seunghoonoh/woonmok.github.io/antigravity.py", line 76
    """텔레그램 명령 처리"""
                                    ^
IndentationError: unindent does not match any outer indentation level
  File "/Users/seunghoonoh/woonmok.github.io/antigravity.py", line 76
    """텔레그램 명령 처리"""
                                    ^
IndentationError: unindent does not match any outer indentation level
  File "/Users/seunghoonoh/woonmok.github.io/antigravity.py", line 76
    """텔레그램 명령 처리"""
                                    ^
IndentationError: unindent does not match any outer indentation level
  File "/Users/seunghoonoh/woonmok.github.io/antigravity.py", line 76
    """텔레그램 명령 처리"""
                                    ^
IndentationError: unindent does not match any outer indentation level
  File "/Users/seunghoonoh/woonmok.github.io/antigravity.py", line 76
    """텔레그램 명령 처리"""
                                    ^
IndentationError: unindent does not match any outer indentation level
  File "/Users/seunghoonoh/woonmok.github.io/antigravity.py", line 76
    """텔레그램 명령 처리"""
                                    ^
IndentationError: unindent does not match any outer indentation level
  File "/Users/seunghoonoh/woonmok.github.io/antigravity.py", line 76
    """텔레그램 명령 처리"""
                                    ^
IndentationError: unindent does not match any outer indentation level
  File "/Users/seunghoonoh/woonmok.github.io/antigravity.py", line 76
    """텔레그램 명령 처리"""
                                    ^
IndentationError: unindent does not match any outer indentation level
  File "/Users/seunghoonoh/woonmok.github.io/antigravity.py", line 76
    """텔레그램 명령 처리"""
                                    ^
IndentationError: unindent does not match any outer indentation level
  File "/Users/seunghoonoh/woonmok.github.io/antigravity.py", line 76
    """텔레그램 명령 처리"""
                                    ^
IndentationError: unindent does not match any outer indentation level
  File "/Users/seunghoonoh/woonmok.github.io/antigravity.py", line 76
    """텔레그램 명령 처리"""
                                    ^
IndentationError: unindent does not match any outer indentation level
  File "/Users/seunghoonoh/woonmok.github.io/antigravity.py", line 76
    """텔레그램 명령 처리"""
                                    ^
IndentationError: unindent does not match any outer indentation level
  File "/Users/seunghoonoh/woonmok.github.io/antigravity.py", line 138
    status = "✅" if item["completed"] else "⭕"
IndentationError: unexpected indent
  File "/Users/seunghoonoh/woonmok.github.io/antigravity.py", line 138
    status = "✅" if item["completed"] else "⭕"
IndentationError: unexpected indent
  File "/Users/seunghoonoh/woonmok.github.io/antigravity.py", line 138
    status = "✅" if item["completed"] else "⭕"
IndentationError: unexpected indent
  File "/Users/seunghoonoh/woonmok.github.io/antigravity.py", line 5
    ...existing code...
       ^
SyntaxError: invalid syntax
  File "/Users/seunghoonoh/woonmok.github.io/antigravity.py", line 5
    ...existing code...
       ^
SyntaxError: invalid syntax
  File "/Users/seunghoonoh/woonmok.github.io/antigravity.py", line 4
    status = "✅" if item["completed"] else "⭕"
IndentationError: unexpected indent
  File "/Users/seunghoonoh/woonmok.github.io/antigravity.py", line 4
    status = "✅" if item["completed"] else "⭕"
IndentationError: unexpected indent
  File "/Users/seunghoonoh/woonmok.github.io/antigravity.py", line 4
    status = "✅" if item["completed"] else "⭕"
IndentationError: unexpected indent
  File "/Users/seunghoonoh/woonmok.github.io/antigravity.py", line 4
    status = "✅" if item["completed"] else "⭕"
IndentationError: unexpected indent
  File "/Users/seunghoonoh/woonmok.github.io/antigravity.py", line 4
    status = "✅" if item["completed"] else "⭕"
IndentationError: unexpected indent
  File "/Users/seunghoonoh/woonmok.github.io/antigravity.py", line 4
    status = "✅" if item["completed"] else "⭕"
IndentationError: unexpected indent
  File "/Users/seunghoonoh/woonmok.github.io/antigravity.py", line 4
    status = "✅" if item["completed"] else "⭕"
IndentationError: unexpected indent
  File "/Users/seunghoonoh/woonmok.github.io/antigravity.py", line 4
    status = "✅" if item["completed"] else "⭕"
IndentationError: unexpected indent
  File "/Users/seunghoonoh/woonmok.github.io/antigravity.py", line 4
    status = "✅" if item["completed"] else "⭕"
IndentationError: unexpected indent
/Users/seunghoonoh/woonmok.github.io/.venv/lib/python3.9/site-packages/urllib3/__init__.py:35: NotOpenSSLWarning: urllib3 v2 only supports OpenSSL 1.1.1+, currently the 'ssl' module is compiled with 'LibreSSL 2.8.3'. See: https://github.com/urllib3/urllib3/issues/3020
  warnings.warn(
/Users/seunghoonoh/woonmok.github.io/.venv/lib/python3.9/site-packages/urllib3/__init__.py:35: NotOpenSSLWarning: urllib3 v2 only supports OpenSSL 1.1.1+, currently the 'ssl' module is compiled with 'LibreSSL 2.8.3'. See: https://github.com/urllib3/urllib3/issues/3020
  warnings.warn(
/Users/seunghoonoh/woonmok.github.io/.venv/lib/python3.9/site-packages/urllib3/__init__.py:35: NotOpenSSLWarning: urllib3 v2 only supports OpenSSL 1.1.1+, currently the 'ssl' module is compiled with 'LibreSSL 2.8.3'. See: https://github.com/urllib3/urllib3/issues/3020
  warnings.warn(
/Users/seunghoonoh/woonmok.github.io/.venv/lib/python3.9/site-packages/urllib3/__init__.py:35: NotOpenSSLWarning: urllib3 v2 only supports OpenSSL 1.1.1+, currently the 'ssl' module is compiled with 'LibreSSL 2.8.3'. See: https://github.com/urllib3/urllib3/issues/3020
  warnings.warn(
/Users/seunghoonoh/woonmok.github.io/.venv/lib/python3.9/site-packages/urllib3/__init__.py:35: NotOpenSSLWarning: urllib3 v2 only supports OpenSSL 1.1.1+, currently the 'ssl' module is compiled with 'LibreSSL 2.8.3'. See: https://github.com/urllib3/urllib3/issues/3020
  warnings.warn(
/Users/seunghoonoh/woonmok.github.io/.venv/lib/python3.9/site-packages/urllib3/__init__.py:35: NotOpenSSLWarning: urllib3 v2 only supports OpenSSL 1.1.1+, currently the 'ssl' module is compiled with 'LibreSSL 2.8.3'. See: https://github.com/urllib3/urllib3/issues/3020
  warnings.warn(
/Users/seunghoonoh/woonmok.github.io/.venv/lib/python3.9/site-packages/urllib3/__init__.py:35: NotOpenSSLWarning: urllib3 v2 only supports OpenSSL 1.1.1+, currently the 'ssl' module is compiled with 'LibreSSL 2.8.3'. See: https://github.com/urllib3/urllib3/issues/3020
  warnings.warn(
/Users/seunghoonoh/woonmok.github.io/.venv/lib/python3.9/site-packages/urllib3/__init__.py:35: NotOpenSSLWarning: urllib3 v2 only supports OpenSSL 1.1.1+, currently the 'ssl' module is compiled with 'LibreSSL 2.8.3'. See: https://github.com/urllib3/urllib3/issues/3020
  warnings.warn(
/Users/seunghoonoh/woonmok.github.io/.venv/lib/python3.9/site-packages/urllib3/__init__.py:35: NotOpenSSLWarning: urllib3 v2 only supports OpenSSL 1.1.1+, currently the 'ssl' module is compiled with 'LibreSSL 2.8.3'. See: https://github.com/urllib3/urllib3/issues/3020
  warnings.warn(
/Users/seunghoonoh/woonmok.github.io/.venv/lib/python3.9/site-packages/urllib3/__init__.py:35: NotOpenSSLWarning: urllib3 v2 only supports OpenSSL 1.1.1+, currently the 'ssl' module is compiled with 'LibreSSL 2.8.3'. See: https://github.com/urllib3/urllib3/issues/3020
  warnings.warn(
/Users/seunghoonoh/woonmok.github.io/.venv/lib/python3.9/site-packages/urllib3/__init__.py:35: NotOpenSSLWarning: urllib3 v2 only supports OpenSSL 1.1.1+, currently the 'ssl' module is compiled with 'LibreSSL 2.8.3'. See: https://github.com/urllib3/urllib3/issues/3020
  warnings.warn(
/Users/seunghoonoh/woonmok.github.io/.venv/lib/python3.9/site-packages/urllib3/__init__.py:35: NotOpenSSLWarning: urllib3 v2 only supports OpenSSL 1.1.1+, currently the 'ssl' module is compiled with 'LibreSSL 2.8.3'. See: https://github.com/urllib3/urllib3/issues/3020
  warnings.warn(
/Users/seunghoonoh/woonmok.github.io/.venv/lib/python3.9/site-packages/urllib3/__init__.py:35: NotOpenSSLWarning: urllib3 v2 only supports OpenSSL 1.1.1+, currently the 'ssl' module is compiled with 'LibreSSL 2.8.3'. See: https://github.com/urllib3/urllib3/issues/3020
  warnings.warn(
/Users/seunghoonoh/woonmok.github.io/.venv/lib/python3.9/site-packages/urllib3/__init__.py:35: NotOpenSSLWarning: urllib3 v2 only supports OpenSSL 1.1.1+, currently the 'ssl' module is compiled with 'LibreSSL 2.8.3'. See: https://github.com/urllib3/urllib3/issues/3020
  warnings.warn(
/Users/seunghoonoh/woonmok.github.io/.venv/lib/python3.9/site-packages/urllib3/__init__.py:35: NotOpenSSLWarning: urllib3 v2 only supports OpenSSL 1.1.1+, currently the 'ssl' module is compiled with 'LibreSSL 2.8.3'. See: https://github.com/urllib3/urllib3/issues/3020
  warnings.warn(
/Users/seunghoonoh/woonmok.github.io/.venv/lib/python3.9/site-packages/urllib3/__init__.py:35: NotOpenSSLWarning: urllib3 v2 only supports OpenSSL 1.1.1+, currently the 'ssl' module is compiled with 'LibreSSL 2.8.3'. See: https://github.com/urllib3/urllib3/issues/3020
  warnings.warn(
/Users/seunghoonoh/woonmok.github.io/.venv/lib/python3.9/site-packages/urllib3/__init__.py:35: NotOpenSSLWarning: urllib3 v2 only supports OpenSSL 1.1.1+, currently the 'ssl' module is compiled with 'LibreSSL 2.8.3'. See: https://github.com/urllib3/urllib3/issues/3020
  warnings.warn(
/Users/seunghoonoh/woonmok.github.io/.venv/lib/python3.9/site-packages/urllib3/__init__.py:35: NotOpenSSLWarning: urllib3 v2 only supports OpenSSL 1.1.1+, currently the 'ssl' module is compiled with 'LibreSSL 2.8.3'. See: https://github.com/urllib3/urllib3/issues/3020
  warnings.warn(
/Users/seunghoonoh/woonmok.github.io/.venv/lib/python3.9/site-packages/urllib3/__init__.py:35: NotOpenSSLWarning: urllib3 v2 only supports OpenSSL 1.1.1+, currently the 'ssl' module is compiled with 'LibreSSL 2.8.3'. See: https://github.com/urllib3/urllib3/issues/3020
  warnings.warn(
/Users/seunghoonoh/woonmok.github.io/.venv/lib/python3.9/site-packages/urllib3/__init__.py:35: NotOpenSSLWarning: urllib3 v2 only supports OpenSSL 1.1.1+, currently the 'ssl' module is compiled with 'LibreSSL 2.8.3'. See: https://github.com/urllib3/urllib3/issues/3020
  warnings.warn(
/Users/seunghoonoh/woonmok.github.io/.venv/lib/python3.9/site-packages/urllib3/__init__.py:35: NotOpenSSLWarning: urllib3 v2 only supports OpenSSL 1.1.1+, currently the 'ssl' module is compiled with 'LibreSSL 2.8.3'. See: https://github.com/urllib3/urllib3/issues/3020
  warnings.warn(
/Users/seunghoonoh/woonmok.github.io/.venv/lib/python3.9/site-packages/urllib3/__init__.py:35: NotOpenSSLWarning: urllib3 v2 only supports OpenSSL 1.1.1+, currently the 'ssl' module is compiled with 'LibreSSL 2.8.3'. See: https://github.com/urllib3/urllib3/issues/3020
  warnings.warn(
/Users/seunghoonoh/woonmok.github.io/.venv/lib/python3.9/site-packages/urllib3/__init__.py:35: NotOpenSSLWarning: urllib3 v2 only supports OpenSSL 1.1.1+, currently the 'ssl' module is compiled with 'LibreSSL 2.8.3'. See: https://github.com/urllib3/urllib3/issues/3020
  warnings.warn(
/Users/seunghoonoh/woonmok.github.io/.venv/lib/python3.9/site-packages/urllib3/__init__.py:35: NotOpenSSLWarning: urllib3 v2 only supports OpenSSL 1.1.1+, currently the 'ssl' module is compiled with 'LibreSSL 2.8.3'. See: https://github.com/urllib3/urllib3/issues/3020
  warnings.warn(
/Users/seunghoonoh/woonmok.github.io/.venv/lib/python3.9/site-packages/urllib3/__init__.py:35: NotOpenSSLWarning: urllib3 v2 only supports OpenSSL 1.1.1+, currently the 'ssl' module is compiled with 'LibreSSL 2.8.3'. See: https://github.com/urllib3/urllib3/issues/3020
  warnings.warn(
/Users/seunghoonoh/woonmok.github.io/.venv/lib/python3.9/site-packages/urllib3/__init__.py:35: NotOpenSSLWarning: urllib3 v2 only supports OpenSSL 1.1.1+, currently the 'ssl' module is compiled with 'LibreSSL 2.8.3'. See: https://github.com/urllib3/urllib3/issues/3020
  warnings.warn(
/Users/seunghoonoh/woonmok.github.io/.venv/lib/python3.9/site-packages/urllib3/__init__.py:35: NotOpenSSLWarning: urllib3 v2 only supports OpenSSL 1.1.1+, currently the 'ssl' module is compiled with 'LibreSSL 2.8.3'. See: https://github.com/urllib3/urllib3/issues/3020
  warnings.warn(
/Users/seunghoonoh/woonmok.github.io/.venv/lib/python3.9/site-packages/urllib3/__init__.py:35: NotOpenSSLWarning: urllib3 v2 only supports OpenSSL 1.1.1+, currently the 'ssl' module is compiled with 'LibreSSL 2.8.3'. See: https://github.com/urllib3/urllib3/issues/3020
  warnings.warn(
/Users/seunghoonoh/woonmok.github.io/.venv/lib/python3.9/site-packages/urllib3/__init__.py:35: NotOpenSSLWarning: urllib3 v2 only supports OpenSSL 1.1.1+, currently the 'ssl' module is compiled with 'LibreSSL 2.8.3'. See: https://github.com/urllib3/urllib3/issues/3020
  warnings.warn(
/Users/seunghoonoh/woonmok.github.io/.venv/lib/python3.9/site-packages/urllib3/__init__.py:35: NotOpenSSLWarning: urllib3 v2 only supports OpenSSL 1.1.1+, currently the 'ssl' module is compiled with 'LibreSSL 2.8.3'. See: https://github.com/urllib3/urllib3/issues/3020
  warnings.warn(
/Users/seunghoonoh/woonmok.github.io/.venv/lib/python3.9/site-packages/urllib3/__init__.py:35: NotOpenSSLWarning: urllib3 v2 only supports OpenSSL 1.1.1+, currently the 'ssl' module is compiled with 'LibreSSL 2.8.3'. See: https://github.com/urllib3/urllib3/issues/3020
  warnings.warn(
/Users/seunghoonoh/woonmok.github.io/.venv/lib/python3.9/site-packages/urllib3/__init__.py:35: NotOpenSSLWarning: urllib3 v2 only supports OpenSSL 1.1.1+, currently the 'ssl' module is compiled with 'LibreSSL 2.8.3'. See: https://github.com/urllib3/urllib3/issues/3020
  warnings.warn(
/Users/seunghoonoh/woonmok.github.io/.venv/lib/python3.9/site-packages/urllib3/__init__.py:35: NotOpenSSLWarning: urllib3 v2 only supports OpenSSL 1.1.1+, currently the 'ssl' module is compiled with 'LibreSSL 2.8.3'. See: https://github.com/urllib3/urllib3/issues/3020
  warnings.warn(
/Users/seunghoonoh/woonmok.github.io/.venv/lib/python3.9/site-packages/urllib3/__init__.py:35: NotOpenSSLWarning: urllib3 v2 only supports OpenSSL 1.1.1+, currently the 'ssl' module is compiled with 'LibreSSL 2.8.3'. See: https://github.com/urllib3/urllib3/issues/3020
  warnings.warn(
/Users/seunghoonoh/woonmok.github.io/.venv/lib/python3.9/site-packages/urllib3/__init__.py:35: NotOpenSSLWarning: urllib3 v2 only supports OpenSSL 1.1.1+, currently the 'ssl' module is compiled with 'LibreSSL 2.8.3'. See: https://github.com/urllib3/urllib3/issues/3020
  warnings.warn(
/Users/seunghoonoh/woonmok.github.io/.venv/lib/python3.9/site-packages/urllib3/__init__.py:35: NotOpenSSLWarning: urllib3 v2 only supports OpenSSL 1.1.1+, currently the 'ssl' module is compiled with 'LibreSSL 2.8.3'. See: https://github.com/urllib3/urllib3/issues/3020
  warnings.warn(
/Users/seunghoonoh/woonmok.github.io/.venv/lib/python3.9/site-packages/urllib3/__init__.py:35: NotOpenSSLWarning: urllib3 v2 only supports OpenSSL 1.1.1+, currently the 'ssl' module is compiled with 'LibreSSL 2.8.3'. See: https://github.com/urllib3/urllib3/issues/3020
  warnings.warn(
/Users/seunghoonoh/woonmok.github.io/.venv/lib/python3.9/site-packages/urllib3/__init__.py:35: NotOpenSSLWarning: urllib3 v2 only supports OpenSSL 1.1.1+, currently the 'ssl' module is compiled with 'LibreSSL 2.8.3'. See: https://github.com/urllib3/urllib3/issues/3020
  warnings.warn(
/Users/seunghoonoh/woonmok.github.io/.venv/lib/python3.9/site-packages/urllib3/__init__.py:35: NotOpenSSLWarning: urllib3 v2 only supports OpenSSL 1.1.1+, currently the 'ssl' module is compiled with 'LibreSSL 2.8.3'. See: https://github.com/urllib3/urllib3/issues/3020
  warnings.warn(
/Users/seunghoonoh/woonmok.github.io/.venv/lib/python3.9/site-packages/urllib3/__init__.py:35: NotOpenSSLWarning: urllib3 v2 only supports OpenSSL 1.1.1+, currently the 'ssl' module is compiled with 'LibreSSL 2.8.3'. See: https://github.com/urllib3/urllib3/issues/3020
  warnings.warn(
/Users/seunghoonoh/woonmok.github.io/.venv/lib/python3.9/site-packages/urllib3/__init__.py:35: NotOpenSSLWarning: urllib3 v2 only supports OpenSSL 1.1.1+, currently the 'ssl' module is compiled with 'LibreSSL 2.8.3'. See: https://github.com/urllib3/urllib3/issues/3020
  warnings.warn(
/Users/seunghoonoh/woonmok.github.io/.venv/lib/python3.9/site-packages/urllib3/__init__.py:35: NotOpenSSLWarning: urllib3 v2 only supports OpenSSL 1.1.1+, currently the 'ssl' module is compiled with 'LibreSSL 2.8.3'. See: https://github.com/urllib3/urllib3/issues/3020
  warnings.warn(
/Users/seunghoonoh/woonmok.github.io/.venv/lib/python3.9/site-packages/urllib3/__init__.py:35: NotOpenSSLWarning: urllib3 v2 only supports OpenSSL 1.1.1+, currently the 'ssl' module is compiled with 'LibreSSL 2.8.3'. See: https://github.com/urllib3/urllib3/issues/3020
  warnings.warn(
/Users/seunghoonoh/woonmok.github.io/.venv/lib/python3.9/site-packages/urllib3/__init__.py:35: NotOpenSSLWarning: urllib3 v2 only supports OpenSSL 1.1.1+, currently the 'ssl' module is compiled with 'LibreSSL 2.8.3'. See: https://github.com/urllib3/urllib3/issues/3020
  warnings.warn(
/Users/seunghoonoh/woonmok.github.io/.venv/lib/python3.9/site-packages/urllib3/__init__.py:35: NotOpenSSLWarning: urllib3 v2 only supports OpenSSL 1.1.1+, currently the 'ssl' module is compiled with 'LibreSSL 2.8.3'. See: https://github.com/urllib3/urllib3/issues/3020
  warnings.warn(
/Users/seunghoonoh/woonmok.github.io/.venv/lib/python3.9/site-packages/urllib3/__init__.py:35: NotOpenSSLWarning: urllib3 v2 only supports OpenSSL 1.1.1+, currently the 'ssl' module is compiled with 'LibreSSL 2.8.3'. See: https://github.com/urllib3/urllib3/issues/3020
  warnings.warn(
/Users/seunghoonoh/woonmok.github.io/.venv/lib/python3.9/site-packages/urllib3/__init__.py:35: NotOpenSSLWarning: urllib3 v2 only supports OpenSSL 1.1.1+, currently the 'ssl' module is compiled with 'LibreSSL 2.8.3'. See: https://github.com/urllib3/urllib3/issues/3020
  warnings.warn(
/Users/seunghoonoh/woonmok.github.io/.venv/lib/python3.9/site-packages/urllib3/__init__.py:35: NotOpenSSLWarning: urllib3 v2 only supports OpenSSL 1.1.1+, currently the 'ssl' module is compiled with 'LibreSSL 2.8.3'. See: https://github.com/urllib3/urllib3/issues/3020
  warnings.warn(
